<?xml version="1.0" encoding="UTF-8"?>
<testsuite xmlns:xsi="http://www.w3.org/2001/XMLSchema-instance" xsi:noNamespaceSchemaLocation="https://maven.apache.org/surefire/maven-surefire-plugin/xsd/surefire-test-report-3.0.xsd" version="3.0" name="TestRunner.Run" time="28.86" tests="1" errors="0" skipped="0" failures="0">
  <properties>
[...]
</properties>
  <testcase name="runScenario[&quot;Successful Login with Valid Credentials&quot;, &quot;Login&quot;](1)" classname="TestRunner.Run" time="22.323">
    <system-out><![CDATA[
@Sanity
Scenario: Successful Login with Valid Credentials                        # Features/LoginFeature.feature:4
Setup-Sanity method executed..
[FATAL] 2024-03-29 18:39:32.396 [main] StepDef - Setup1 executed...
[INFO ] 2024-03-29 18:39:32.463 [main] StepDef - chrome browser launched
  Given User Launch Chrome browser                                       # StepDefinition.StepDef.user_launch_chrome_browser()
[INFO ] 2024-03-29 18:39:33.526 [main] StepDef - url opened
  When User opens URL "http://admin-demo.nopcommerce.com/login"          # StepDefinition.StepDef.user_opens_url(java.lang.String)
[INFO ] 2024-03-29 18:39:35.250 [main] StepDef - email address and password entered
  And User enters Email as "admin@yourstore.com" and Password as "admin" # StepDefinition.StepDef.user_enters_email_as_and_password_as(java.lang.String,java.lang.String)
[INFO ] 2024-03-29 18:39:37.247 [main] StepDef - Clicked on login button
  And Click on Login                                                     # StepDefinition.StepDef.click_on_login()
[WARN ] 2024-03-29 18:39:40.456 [main] StepDef - Test passed: Login feature :Page title matched.
  Then Page Title should be "Dashboard / nopCommerce administration"     # StepDefinition.StepDef.page_title_should_be(java.lang.String)
[INFO ] 2024-03-29 18:39:42.086 [main] StepDef - user clicked on logout link.
  When User click on Log out link                                        # StepDefinition.StepDef.user_click_on_log_out_link()
[WARN ] 2024-03-29 18:39:42.144 [main] StepDef - Test passed: Login feature :Page title matched.
  Then Page Title should be "Your store. Login"                          # StepDefinition.StepDef.page_title_should_be(java.lang.String)
[INFO ] 2024-03-29 18:39:42.321 [main] StepDef - Browser closed
  And close browser                                                      # StepDefinition.CloseStep.close_browser()
Tear Down method executed..
]]></system-out>
    <system-err><![CDATA[SLF4J(W): No SLF4J providers were found.
SLF4J(W): Defaulting to no-operation (NOP) logger implementation
SLF4J(W): See https://www.slf4j.org/codes.html#noProviders for further details.
Mar 29, 2024 6:39:32 PM org.openqa.selenium.devtools.CdpVersionFinder findNearestMatch
WARNING: Unable to find an exact match for CDP version 123, returning the closest version; found: 122; Please update to a Selenium version that supports CDP version 123
]]></system-err>
  </testcase>
</testsuite>